<?xml version="1.0" encoding="UTF-8"?>
<!-- Generated by org.testng.reporters.JUnitReportReporter -->
<testsuite name="ClassesTest.Test_SubscribeEvent" tests="1" time="1.110" ignored="14" failures="0" timestamp="16 Mar 2017 16:57:31 GMT" skipped="0" hostname="ynohW8-64b-one" errors="0">
  <testcase name="Test_SubscribeEvent_agent" time="1.110" classname="ClassesTest.Test_SubscribeEvent"/>
  <testcase name="Test_SubscribeEvent_reportTemplate" classname="ClassesTest.Test_SubscribeEvent">
    <skipped/>
  </testcase> <!-- Test_SubscribeEvent_reportTemplate -->
  <testcase name="Test_SubscribeEvent_group" classname="ClassesTest.Test_SubscribeEvent">
    <skipped/>
  </testcase> <!-- Test_SubscribeEvent_group -->
  <testcase name="Test_SubscribeEvent_IVRApplication" classname="ClassesTest.Test_SubscribeEvent">
    <skipped/>
  </testcase> <!-- Test_SubscribeEvent_IVRApplication -->
  <testcase name="Test_SubscribeEvent_service" classname="ClassesTest.Test_SubscribeEvent">
    <skipped/>
  </testcase> <!-- Test_SubscribeEvent_service -->
  <testcase name="Test_SubscribeEvent_customReport" classname="ClassesTest.Test_SubscribeEvent">
    <skipped/>
  </testcase> <!-- Test_SubscribeEvent_customReport -->
  <testcase name="Test_SubscribeEvent_schedule" classname="ClassesTest.Test_SubscribeEvent">
    <skipped/>
  </testcase> <!-- Test_SubscribeEvent_schedule -->
  <testcase name="Test_SubscribeEvent_dnis" classname="ClassesTest.Test_SubscribeEvent">
    <skipped/>
  </testcase> <!-- Test_SubscribeEvent_dnis -->
  <testcase name="Test_SubscribeEvent_tenant" classname="ClassesTest.Test_SubscribeEvent">
    <skipped/>
  </testcase> <!-- Test_SubscribeEvent_tenant -->
  <testcase name="Test_SubscribeEvent_DM_Supervisors" classname="ClassesTest.Test_SubscribeEvent_DM">
    <skipped/>
  </testcase> <!-- Test_SubscribeEvent_DM_Supervisors -->
  <testcase name="Test_SubscribeEvent_DM_SubSystem" classname="ClassesTest.Test_SubscribeEvent_DM">
    <skipped/>
  </testcase> <!-- Test_SubscribeEvent_DM_SubSystem -->
  <testcase name="Test_SubscribeEvent_DM_EcEmails" classname="ClassesTest.Test_SubscribeEvent_DM">
    <skipped/>
  </testcase> <!-- Test_SubscribeEvent_DM_EcEmails -->
  <testcase name="Test_SubscribeEvent_DM_Agents" classname="ClassesTest.Test_SubscribeEvent_DM">
    <skipped/>
  </testcase> <!-- Test_SubscribeEvent_DM_Agents -->
  <testcase name="Test_SubscribeEvent_DM_ReportingStations" classname="ClassesTest.Test_SubscribeEvent_DM">
    <skipped/>
  </testcase> <!-- Test_SubscribeEvent_DM_ReportingStations -->
  <testcase name="Test_SubscribeEvent_DM_IVRPorts" classname="ClassesTest.Test_SubscribeEvent_DM">
    <skipped/>
  </testcase> <!-- Test_SubscribeEvent_DM_IVRPorts -->
</testsuite> <!-- ClassesTest.Test_SubscribeEvent -->
