<?xml version="1.0" encoding="UTF-8"?>
<!-- Generated by org.testng.reporters.JUnitReportReporter -->
<testsuite hostname="ynohW8-64b-one" name="TestCases.Test_HBDirector" tests="1" failures="0" timestamp="22 Feb 2018 21:41:09 GMT" time="47.393" errors="0">
  <testcase name="CCDirector_CreateAgents" time="47.393" classname="TestCases.Test_HBDirector"/>
</testsuite> <!-- TestCases.Test_HBDirector -->
