<?xml version="1.0" encoding="UTF-8"?>
<!-- Generated by org.testng.reporters.JUnitReportReporter -->
<testsuite hostname="ynohW8-64b-one" name="TestCases.Test_HBDirector" tests="1" failures="0" timestamp="24 Jul 2017 17:55:31 GMT" time="40.064" errors="0">
  <testcase name="CCDirector_CreateAgents" time="40.064" classname="TestCases.Test_HBDirector"/>
</testsuite> <!-- TestCases.Test_HBDirector -->
