<?xml version="1.0" encoding="UTF-8"?>
<!-- Generated by org.testng.reporters.JUnitReportReporter -->
<testsuite hostname="ynohW8-64b-one" name="TestCases.Test_HBDirector" tests="1" failures="0" timestamp="21 Feb 2018 22:27:26 GMT" time="44.765" errors="0">
  <testcase name="CCDirector_CreateAgents" time="44.765" classname="TestCases.Test_HBDirector"/>
</testsuite> <!-- TestCases.Test_HBDirector -->
