<?xml version="1.0" encoding="UTF-8"?>
<!-- Generated by org.testng.reporters.JUnitReportReporter -->
<testsuite hostname="ynohW8-64b-one" name="HBTestesNG.TestCases.Test_VoiceACD_Basic" tests="3" failures="0" timestamp="9 Oct 2017 23:42:45 GMT" time="376.432" errors="0">
  <testcase name="VoiceACD_NoQ_Answer_NoWrapTime" time="159.117" classname="HBTestesNG.TestCases.Test_VoiceACD_Basic"/>
  <testcase name="VoiceACD_NoQ_Answer" time="100.217" classname="HBTestesNG.TestCases.Test_VoiceACD_Basic"/>
  <testcase name="VoiceACD_Q_Answer" time="117.098" classname="HBTestesNG.TestCases.Test_VoiceACD_Basic"/>
</testsuite> <!-- HBTestesNG.TestCases.Test_VoiceACD_Basic -->
