<?xml version="1.0" encoding="UTF-8"?>
<!-- Generated by org.testng.reporters.JUnitReportReporter -->
<testsuite hostname="ynohW8-64b-one" name="HBTestesNG.TestCases.Test_Preparation" tests="2" failures="0" timestamp="31 Jan 2018 19:38:56 GMT" time="185.126" errors="0">
  <testcase name="VoiceACD_Q_Abandon" time="60.630" classname="HBTestesNG.TestCases.Test_Preparation"/>
  <testcase name="VoiceACD_Q_Answer" time="124.496" classname="HBTestesNG.TestCases.Test_Preparation"/>
</testsuite> <!-- HBTestesNG.TestCases.Test_Preparation -->
