<?xml version="1.0" encoding="UTF-8"?>
<!-- Generated by org.testng.reporters.JUnitReportReporter -->
<testsuite hostname="ynohW8-64b-one" name="HBTestesNG.TestCases.Test_VoiceOACD_ByAbandon_Transfer_WrapTimeZero" tests="1" failures="0" timestamp="25 Aug 2017 17:57:21 GMT" time="222.162" errors="0">
  <testcase name="VoiceOACD_ByAbandon_BTransfer_ToExt_DifferentGroup" time="222.162" classname="HBTestesNG.TestCases.Test_VoiceOACD_ByAbandon_Transfer_WrapTimeZero"/>
</testsuite> <!-- HBTestesNG.TestCases.Test_VoiceOACD_ByAbandon_Transfer_WrapTimeZero -->
