<?xml version="1.0" encoding="UTF-8"?>
<!-- Generated by org.testng.reporters.JUnitReportReporter -->
<testsuite hostname="ynohW8-64b-one" name="HBTestesNG.TestCases.Test_Chat_All" tests="13" failures="0" timestamp="19 Aug 2017 22:39:46 GMT" time="0.003" errors="13">
  <testcase name="Chat_BTransfer_ByAgentName_SameGroup" time="0.000" classname="HBTestesNG.TestCases.Test_Chat_All"/>
  <testcase name="Chat_Ring_Abandon" time="0.001" classname="HBTestesNG.TestCases.Test_Chat_All"/>
  <testcase name="Chat_Q_Overflow_R_Ans_2ndGroup" time="0.000" classname="HBTestesNG.TestCases.Test_Chat_All"/>
  <testcase name="Chat_NoQ_Answer_NoWrapTime" time="0.001" classname="HBTestesNG.TestCases.Test_Chat_All"/>
  <testcase name="Chat_Q_Answer" time="0.000" classname="HBTestesNG.TestCases.Test_Chat_All"/>
  <testcase name="Chat_Q_Overflow_R_Ans_1stGroup" time="0.000" classname="HBTestesNG.TestCases.Test_Chat_All"/>
  <testcase name="Chat_R_Q_Overflow_Q_R_Ans_2ndGroup" time="0.001" classname="HBTestesNG.TestCases.Test_Chat_All"/>
  <testcase name="Chat_Q_OverInterflow_Q_R_Ans_3rdGroup" time="0.000" classname="HBTestesNG.TestCases.Test_Chat_All"/>
  <testcase name="Chat_All_Repeat" time="0.000" classname="HBTestesNG.TestCases.Test_Chat_All"/>
  <testcase name="Chat_Queue_Abandon" time="0.000" classname="HBTestesNG.TestCases.Test_Chat_All"/>
  <testcase name="Chat_BTransfer_ByExt_SameGroup" time="0.000" classname="HBTestesNG.TestCases.Test_Chat_All"/>
  <testcase name="Chat_NoQ_Answer" time="0.000" classname="HBTestesNG.TestCases.Test_Chat_All"/>
  <testcase name="Chat_R_Q_Overflow_R_Ans_2ndGroup" time="0.000" classname="HBTestesNG.TestCases.Test_Chat_All"/>
</testsuite> <!-- HBTestesNG.TestCases.Test_Chat_All -->
