<?xml version="1.0" encoding="UTF-8"?>
<!-- Generated by org.testng.reporters.JUnitReportReporter -->
<testsuite hostname="ynohW8-64b-one" name="HBTestesNG.TestCases.Test_Email_All" tests="9" failures="0" timestamp="3 Oct 2017 20:02:27 GMT" time="3581.762" errors="0">
  <testcase name="Email_BTransfer_ToExt_SameGroup" time="375.973" classname="HBTestesNG.TestCases.Test_Email_All"/>
  <testcase name="Email_R_Q_Overflow_R_Ans_2ndGroup" time="389.667" classname="HBTestesNG.TestCases.Test_Email_All"/>
  <testcase name="Email_NoQ_Answer" time="348.655" classname="HBTestesNG.TestCases.Test_Email_All"/>
  <testcase name="Email_Q_OverInterflow_Q_R_Ans_3rdGroup" time="478.297" classname="HBTestesNG.TestCases.Test_Email_All"/>
  <testcase name="Email_Q_Answer" time="358.435" classname="HBTestesNG.TestCases.Test_Email_All"/>
  <testcase name="Email_Q_Overflow_R_Ans_1stGroup" time="374.490" classname="HBTestesNG.TestCases.Test_Email_All"/>
  <testcase name="Email_Q_Overflow_R_Ans_2ndGroup" time="377.975" classname="HBTestesNG.TestCases.Test_Email_All"/>
  <testcase name="Email_R_Q_Overflow_Q_R_Ans_2ndGroup" time="394.341" classname="HBTestesNG.TestCases.Test_Email_All"/>
  <testcase name="Email_NoQ_Answer_NoWrapTime" time="483.929" classname="HBTestesNG.TestCases.Test_Email_All"/>
</testsuite> <!-- HBTestesNG.TestCases.Test_Email_All -->
