<?xml version="1.0" encoding="UTF-8"?>
<!-- Generated by org.testng.reporters.JUnitReportReporter -->
<testsuite hostname="ynohW8-64b-one" name="HBTestesNG.TestCases.Test_VoiceOACD_ByAbandon_Conference_WrapTimeZero" tests="7" failures="0" timestamp="19 Aug 2017 22:39:46 GMT" time="0.002" errors="7">
  <testcase name="VoiceOACD_ByAbandon_CConference_ToIRN_SameGroup" time="0.000" classname="HBTestesNG.TestCases.Test_VoiceOACD_ByAbandon_Conference_WrapTimeZero"/>
  <testcase name="VoiceOACD_ByAbandon_CConference_ToExt_SameGroup" time="0.001" classname="HBTestesNG.TestCases.Test_VoiceOACD_ByAbandon_Conference_WrapTimeZero"/>
  <testcase name="VoiceOACD_ByAbandon_CConference_ToExt_DifferentGroup" time="0.000" classname="HBTestesNG.TestCases.Test_VoiceOACD_ByAbandon_Conference_WrapTimeZero"/>
  <testcase name="VoiceOACD_ByAbandon_CConference_ToExt_DifferentGroup_byName" time="0.000" classname="HBTestesNG.TestCases.Test_VoiceOACD_ByAbandon_Conference_WrapTimeZero"/>
  <testcase name="VoiceOACD_ByAbandon_CConference_ToIRN_DifferentGroup" time="0.000" classname="HBTestesNG.TestCases.Test_VoiceOACD_ByAbandon_Conference_WrapTimeZero"/>
  <testcase name="VoiceOACD_ByAbandon_CConference_ToExternal" time="0.001" classname="HBTestesNG.TestCases.Test_VoiceOACD_ByAbandon_Conference_WrapTimeZero"/>
  <testcase name="VoiceOACD_ByAbandon_CConference_ToExt_SameGroup_byName" time="0.000" classname="HBTestesNG.TestCases.Test_VoiceOACD_ByAbandon_Conference_WrapTimeZero"/>
</testsuite> <!-- HBTestesNG.TestCases.Test_VoiceOACD_ByAbandon_Conference_WrapTimeZero -->
