<?xml version="1.0" encoding="UTF-8"?>
<!-- Generated by org.testng.reporters.JUnitReportReporter -->
<testsuite hostname="ynohW8-64b-one" name="HBTestesNG.TestCases.Test_VoiceACD_Transfer" tests="15" failures="0" timestamp="2 Sep 2017 23:21:31 GMT" time="1134.590" errors="6">
  <testcase name="VoiceACD_BTransfer_ToExternal" time="106.416" classname="HBTestesNG.TestCases.Test_VoiceACD_Transfer"/>
  <testcase name="VoiceACD_CTransfer_ToIRN_DifferentGroup" time="0.000" classname="HBTestesNG.TestCases.Test_VoiceACD_Transfer">
    <error type="org.testng.SkipException" message="Defect:UCC-1642">
      <![CDATA[org.testng.SkipException: Defect:UCC-1642
	at HBTestesNG.BaseObjects.TestCaseObject.skipTest(TestCaseObject.java:328)
	at HBTestesNG.TestCases.Test_VoiceACD_Transfer.VoiceACD_CTransfer_ToIRN_DifferentGroup(Test_VoiceACD_Transfer.java:550)
	at sun.reflect.NativeMethodAccessorImpl.invoke0(Native Method)
	at sun.reflect.NativeMethodAccessorImpl.invoke(Unknown Source)
	at sun.reflect.DelegatingMethodAccessorImpl.invoke(Unknown Source)
	at java.lang.reflect.Method.invoke(Unknown Source)
	at org.testng.internal.MethodInvocationHelper.invokeMethod(MethodInvocationHelper.java:85)
	at org.testng.internal.Invoker.invokeMethod(Invoker.java:639)
	at org.testng.internal.Invoker.invokeTestMethod(Invoker.java:816)
	at org.testng.internal.Invoker.invokeTestMethods(Invoker.java:1124)
	at org.testng.internal.TestMethodWorker.invokeTestMethods(TestMethodWorker.java:125)
	at org.testng.internal.TestMethodWorker.run(TestMethodWorker.java:108)
	at org.testng.TestRunner.privateRun(TestRunner.java:774)
	at org.testng.TestRunner.run(TestRunner.java:624)
	at org.testng.SuiteRunner.runTest(SuiteRunner.java:359)
	at org.testng.SuiteRunner.runSequentially(SuiteRunner.java:354)
	at org.testng.SuiteRunner.privateRun(SuiteRunner.java:312)
	at org.testng.SuiteRunner.run(SuiteRunner.java:261)
	at org.testng.SuiteRunnerWorker.runSuite(SuiteRunnerWorker.java:52)
	at org.testng.SuiteRunnerWorker.run(SuiteRunnerWorker.java:86)
	at org.testng.TestNG.runSuitesSequentially(TestNG.java:1215)
	at org.testng.TestNG.runSuitesLocally(TestNG.java:1140)
	at org.testng.TestNG.run(TestNG.java:1048)
	at org.testng.remote.AbstractRemoteTestNG.run(AbstractRemoteTestNG.java:132)
	at org.testng.remote.RemoteTestNG.initAndRun(RemoteTestNG.java:230)
	at org.testng.remote.RemoteTestNG.main(RemoteTestNG.java:76)
]]>
    </error>
  </testcase> <!-- VoiceACD_CTransfer_ToIRN_DifferentGroup -->
  <testcase name="VoiceACD_BTransfer_ToExt_SameGroup" time="130.108" classname="HBTestesNG.TestCases.Test_VoiceACD_Transfer"/>
  <testcase name="VoiceACD_BTransfer_ToIRN_SameGroup" time="130.166" classname="HBTestesNG.TestCases.Test_VoiceACD_Transfer"/>
  <testcase name="VoiceACD_BTransfer_ToExt_SameGroup_byName" time="119.194" classname="HBTestesNG.TestCases.Test_VoiceACD_Transfer"/>
  <testcase name="VoiceACD_BTransfer_ToIRN_AQ" time="0.001" classname="HBTestesNG.TestCases.Test_VoiceACD_Transfer">
    <error type="org.testng.SkipException" message="Defect:UCC-1641">
      <![CDATA[org.testng.SkipException: Defect:UCC-1641
	at HBTestesNG.BaseObjects.TestCaseObject.skipTest(TestCaseObject.java:328)
	at HBTestesNG.TestCases.Test_VoiceACD_Transfer.VoiceACD_BTransfer_ToIRN_AQ(Test_VoiceACD_Transfer.java:289)
	at sun.reflect.NativeMethodAccessorImpl.invoke0(Native Method)
	at sun.reflect.NativeMethodAccessorImpl.invoke(Unknown Source)
	at sun.reflect.DelegatingMethodAccessorImpl.invoke(Unknown Source)
	at java.lang.reflect.Method.invoke(Unknown Source)
	at org.testng.internal.MethodInvocationHelper.invokeMethod(MethodInvocationHelper.java:85)
	at org.testng.internal.Invoker.invokeMethod(Invoker.java:639)
	at org.testng.internal.Invoker.invokeTestMethod(Invoker.java:816)
	at org.testng.internal.Invoker.invokeTestMethods(Invoker.java:1124)
	at org.testng.internal.TestMethodWorker.invokeTestMethods(TestMethodWorker.java:125)
	at org.testng.internal.TestMethodWorker.run(TestMethodWorker.java:108)
	at org.testng.TestRunner.privateRun(TestRunner.java:774)
	at org.testng.TestRunner.run(TestRunner.java:624)
	at org.testng.SuiteRunner.runTest(SuiteRunner.java:359)
	at org.testng.SuiteRunner.runSequentially(SuiteRunner.java:354)
	at org.testng.SuiteRunner.privateRun(SuiteRunner.java:312)
	at org.testng.SuiteRunner.run(SuiteRunner.java:261)
	at org.testng.SuiteRunnerWorker.runSuite(SuiteRunnerWorker.java:52)
	at org.testng.SuiteRunnerWorker.run(SuiteRunnerWorker.java:86)
	at org.testng.TestNG.runSuitesSequentially(TestNG.java:1215)
	at org.testng.TestNG.runSuitesLocally(TestNG.java:1140)
	at org.testng.TestNG.run(TestNG.java:1048)
	at org.testng.remote.AbstractRemoteTestNG.run(AbstractRemoteTestNG.java:132)
	at org.testng.remote.RemoteTestNG.initAndRun(RemoteTestNG.java:230)
	at org.testng.remote.RemoteTestNG.main(RemoteTestNG.java:76)
]]>
    </error>
  </testcase> <!-- VoiceACD_BTransfer_ToIRN_AQ -->
  <testcase name="VoiceACD_CTransfer_ToExt_DifferentGroup_byName" time="2.001" classname="HBTestesNG.TestCases.Test_VoiceACD_Transfer">
    <error type="org.testng.SkipException" message="Skipping because user want to end test =&gt; VoiceACD-&gt;Ans-&gt;Consult Transfer to Ext on Different Group by name">
      <![CDATA[org.testng.SkipException: Skipping because user want to end test => VoiceACD->Ans->Consult Transfer to Ext on Different Group by name
	at HBTestesNG.BaseObjects.TestCaseObject.skipTest(TestCaseObject.java:328)
	at HBTestesNG.TestCases.Test_VoiceACD_Transfer.VoiceACD_CTransfer_ToExt_DifferentGroup_byName(Test_VoiceACD_Transfer.java:438)
	at sun.reflect.NativeMethodAccessorImpl.invoke0(Native Method)
	at sun.reflect.NativeMethodAccessorImpl.invoke(Unknown Source)
	at sun.reflect.DelegatingMethodAccessorImpl.invoke(Unknown Source)
	at java.lang.reflect.Method.invoke(Unknown Source)
	at org.testng.internal.MethodInvocationHelper.invokeMethod(MethodInvocationHelper.java:85)
	at org.testng.internal.Invoker.invokeMethod(Invoker.java:639)
	at org.testng.internal.Invoker.invokeTestMethod(Invoker.java:816)
	at org.testng.internal.Invoker.invokeTestMethods(Invoker.java:1124)
	at org.testng.internal.TestMethodWorker.invokeTestMethods(TestMethodWorker.java:125)
	at org.testng.internal.TestMethodWorker.run(TestMethodWorker.java:108)
	at org.testng.TestRunner.privateRun(TestRunner.java:774)
	at org.testng.TestRunner.run(TestRunner.java:624)
	at org.testng.SuiteRunner.runTest(SuiteRunner.java:359)
	at org.testng.SuiteRunner.runSequentially(SuiteRunner.java:354)
	at org.testng.SuiteRunner.privateRun(SuiteRunner.java:312)
	at org.testng.SuiteRunner.run(SuiteRunner.java:261)
	at org.testng.SuiteRunnerWorker.runSuite(SuiteRunnerWorker.java:52)
	at org.testng.SuiteRunnerWorker.run(SuiteRunnerWorker.java:86)
	at org.testng.TestNG.runSuitesSequentially(TestNG.java:1215)
	at org.testng.TestNG.runSuitesLocally(TestNG.java:1140)
	at org.testng.TestNG.run(TestNG.java:1048)
	at org.testng.remote.AbstractRemoteTestNG.run(AbstractRemoteTestNG.java:132)
	at org.testng.remote.RemoteTestNG.initAndRun(RemoteTestNG.java:230)
	at org.testng.remote.RemoteTestNG.main(RemoteTestNG.java:76)
]]>
    </error>
  </testcase> <!-- VoiceACD_CTransfer_ToExt_DifferentGroup_byName -->
  <testcase name="VoiceACD_CTransfer_ToExt_DifferentGroup" time="122.413" classname="HBTestesNG.TestCases.Test_VoiceACD_Transfer"/>
  <testcase name="VoiceACD_CTransfer_ToExt_SameGroup_byName" time="2.001" classname="HBTestesNG.TestCases.Test_VoiceACD_Transfer">
    <error type="org.testng.SkipException" message="Skipping because user want to end test =&gt; VoiceACD-&gt;Ans-&gt;Consult Transfer to Ext on Same Group_byName">
      <![CDATA[org.testng.SkipException: Skipping because user want to end test => VoiceACD->Ans->Consult Transfer to Ext on Same Group_byName
	at HBTestesNG.BaseObjects.TestCaseObject.skipTest(TestCaseObject.java:328)
	at HBTestesNG.TestCases.Test_VoiceACD_Transfer.VoiceACD_CTransfer_ToExt_SameGroup_byName(Test_VoiceACD_Transfer.java:366)
	at sun.reflect.NativeMethodAccessorImpl.invoke0(Native Method)
	at sun.reflect.NativeMethodAccessorImpl.invoke(Unknown Source)
	at sun.reflect.DelegatingMethodAccessorImpl.invoke(Unknown Source)
	at java.lang.reflect.Method.invoke(Unknown Source)
	at org.testng.internal.MethodInvocationHelper.invokeMethod(MethodInvocationHelper.java:85)
	at org.testng.internal.Invoker.invokeMethod(Invoker.java:639)
	at org.testng.internal.Invoker.invokeTestMethod(Invoker.java:816)
	at org.testng.internal.Invoker.invokeTestMethods(Invoker.java:1124)
	at org.testng.internal.TestMethodWorker.invokeTestMethods(TestMethodWorker.java:125)
	at org.testng.internal.TestMethodWorker.run(TestMethodWorker.java:108)
	at org.testng.TestRunner.privateRun(TestRunner.java:774)
	at org.testng.TestRunner.run(TestRunner.java:624)
	at org.testng.SuiteRunner.runTest(SuiteRunner.java:359)
	at org.testng.SuiteRunner.runSequentially(SuiteRunner.java:354)
	at org.testng.SuiteRunner.privateRun(SuiteRunner.java:312)
	at org.testng.SuiteRunner.run(SuiteRunner.java:261)
	at org.testng.SuiteRunnerWorker.runSuite(SuiteRunnerWorker.java:52)
	at org.testng.SuiteRunnerWorker.run(SuiteRunnerWorker.java:86)
	at org.testng.TestNG.runSuitesSequentially(TestNG.java:1215)
	at org.testng.TestNG.runSuitesLocally(TestNG.java:1140)
	at org.testng.TestNG.run(TestNG.java:1048)
	at org.testng.remote.AbstractRemoteTestNG.run(AbstractRemoteTestNG.java:132)
	at org.testng.remote.RemoteTestNG.initAndRun(RemoteTestNG.java:230)
	at org.testng.remote.RemoteTestNG.main(RemoteTestNG.java:76)
]]>
    </error>
  </testcase> <!-- VoiceACD_CTransfer_ToExt_SameGroup_byName -->
  <testcase name="VoiceACD_CTransfer_ToExternal" time="133.282" classname="HBTestesNG.TestCases.Test_VoiceACD_Transfer"/>
  <testcase name="VoiceACD_BTransfer_ToIRN_DifferentGroup" time="123.592" classname="HBTestesNG.TestCases.Test_VoiceACD_Transfer"/>
  <testcase name="VoiceACD_BTransfer_ToExt_DifferentGroup" time="106.600" classname="HBTestesNG.TestCases.Test_VoiceACD_Transfer"/>
  <testcase name="VoiceACD_CTransfer_ToExt_SameGroup" time="156.814" classname="HBTestesNG.TestCases.Test_VoiceACD_Transfer"/>
  <testcase name="VoiceACD_CTransfer_ToIRN_SameGroup" time="0.001" classname="HBTestesNG.TestCases.Test_VoiceACD_Transfer">
    <error type="org.testng.SkipException" message="Defect:UCC-1642">
      <![CDATA[org.testng.SkipException: Defect:UCC-1642
	at HBTestesNG.BaseObjects.TestCaseObject.skipTest(TestCaseObject.java:328)
	at HBTestesNG.TestCases.Test_VoiceACD_Transfer.VoiceACD_CTransfer_ToIRN_SameGroup(Test_VoiceACD_Transfer.java:512)
	at sun.reflect.NativeMethodAccessorImpl.invoke0(Native Method)
	at sun.reflect.NativeMethodAccessorImpl.invoke(Unknown Source)
	at sun.reflect.DelegatingMethodAccessorImpl.invoke(Unknown Source)
	at java.lang.reflect.Method.invoke(Unknown Source)
	at org.testng.internal.MethodInvocationHelper.invokeMethod(MethodInvocationHelper.java:85)
	at org.testng.internal.Invoker.invokeMethod(Invoker.java:639)
	at org.testng.internal.Invoker.invokeTestMethod(Invoker.java:816)
	at org.testng.internal.Invoker.invokeTestMethods(Invoker.java:1124)
	at org.testng.internal.TestMethodWorker.invokeTestMethods(TestMethodWorker.java:125)
	at org.testng.internal.TestMethodWorker.run(TestMethodWorker.java:108)
	at org.testng.TestRunner.privateRun(TestRunner.java:774)
	at org.testng.TestRunner.run(TestRunner.java:624)
	at org.testng.SuiteRunner.runTest(SuiteRunner.java:359)
	at org.testng.SuiteRunner.runSequentially(SuiteRunner.java:354)
	at org.testng.SuiteRunner.privateRun(SuiteRunner.java:312)
	at org.testng.SuiteRunner.run(SuiteRunner.java:261)
	at org.testng.SuiteRunnerWorker.runSuite(SuiteRunnerWorker.java:52)
	at org.testng.SuiteRunnerWorker.run(SuiteRunnerWorker.java:86)
	at org.testng.TestNG.runSuitesSequentially(TestNG.java:1215)
	at org.testng.TestNG.runSuitesLocally(TestNG.java:1140)
	at org.testng.TestNG.run(TestNG.java:1048)
	at org.testng.remote.AbstractRemoteTestNG.run(AbstractRemoteTestNG.java:132)
	at org.testng.remote.RemoteTestNG.initAndRun(RemoteTestNG.java:230)
	at org.testng.remote.RemoteTestNG.main(RemoteTestNG.java:76)
]]>
    </error>
  </testcase> <!-- VoiceACD_CTransfer_ToIRN_SameGroup -->
  <testcase name="VoiceACD_BTransfer_ToExt_DifferentGroup_byName" time="2.001" classname="HBTestesNG.TestCases.Test_VoiceACD_Transfer">
    <error type="org.testng.SkipException" message="Skipping because user want to end test =&gt; VoiceACD-&gt;Ans-&gt;Blind Transfer to Ext on Different Group_byName ">
      <![CDATA[org.testng.SkipException: Skipping because user want to end test => VoiceACD->Ans->Blind Transfer to Ext on Different Group_byName 
	at HBTestesNG.BaseObjects.TestCaseObject.skipTest(TestCaseObject.java:328)
	at HBTestesNG.TestCases.Test_VoiceACD_Transfer.VoiceACD_BTransfer_ToExt_DifferentGroup_byName(Test_VoiceACD_Transfer.java:150)
	at sun.reflect.NativeMethodAccessorImpl.invoke0(Native Method)
	at sun.reflect.NativeMethodAccessorImpl.invoke(Unknown Source)
	at sun.reflect.DelegatingMethodAccessorImpl.invoke(Unknown Source)
	at java.lang.reflect.Method.invoke(Unknown Source)
	at org.testng.internal.MethodInvocationHelper.invokeMethod(MethodInvocationHelper.java:85)
	at org.testng.internal.Invoker.invokeMethod(Invoker.java:639)
	at org.testng.internal.Invoker.invokeTestMethod(Invoker.java:816)
	at org.testng.internal.Invoker.invokeTestMethods(Invoker.java:1124)
	at org.testng.internal.TestMethodWorker.invokeTestMethods(TestMethodWorker.java:125)
	at org.testng.internal.TestMethodWorker.run(TestMethodWorker.java:108)
	at org.testng.TestRunner.privateRun(TestRunner.java:774)
	at org.testng.TestRunner.run(TestRunner.java:624)
	at org.testng.SuiteRunner.runTest(SuiteRunner.java:359)
	at org.testng.SuiteRunner.runSequentially(SuiteRunner.java:354)
	at org.testng.SuiteRunner.privateRun(SuiteRunner.java:312)
	at org.testng.SuiteRunner.run(SuiteRunner.java:261)
	at org.testng.SuiteRunnerWorker.runSuite(SuiteRunnerWorker.java:52)
	at org.testng.SuiteRunnerWorker.run(SuiteRunnerWorker.java:86)
	at org.testng.TestNG.runSuitesSequentially(TestNG.java:1215)
	at org.testng.TestNG.runSuitesLocally(TestNG.java:1140)
	at org.testng.TestNG.run(TestNG.java:1048)
	at org.testng.remote.AbstractRemoteTestNG.run(AbstractRemoteTestNG.java:132)
	at org.testng.remote.RemoteTestNG.initAndRun(RemoteTestNG.java:230)
	at org.testng.remote.RemoteTestNG.main(RemoteTestNG.java:76)
]]>
    </error>
  </testcase> <!-- VoiceACD_BTransfer_ToExt_DifferentGroup_byName -->
</testsuite> <!-- HBTestesNG.TestCases.Test_VoiceACD_Transfer -->
