<?xml version="1.0" encoding="UTF-8"?>
<!-- Generated by org.testng.reporters.JUnitReportReporter -->
<testsuite hostname="ynohW8-64b-one" name="HBTestesNG.TestCases.Test_VoiceNACD_Conference" tests="1" failures="0" timestamp="19 Aug 2017 23:19:22 GMT" time="144.464" errors="0">
  <testcase name="VoiceNACD_CConference_ToExt_SameGroup" time="144.464" classname="HBTestesNG.TestCases.Test_VoiceNACD_Conference"/>
</testsuite> <!-- HBTestesNG.TestCases.Test_VoiceNACD_Conference -->
