<?xml version="1.0" encoding="UTF-8"?>
<!-- Generated by org.testng.reporters.JUnitReportReporter -->
<testsuite hostname="ynohW8-64b-one" name="HBTestesNG.TestCases.Test_VoiceACD_Transfer_WrapTimeZero" tests="10" failures="0" timestamp="21 Sep 2017 17:01:39 GMT" time="0.008" errors="10">
  <testcase name="VoiceACD_BTransfer_ToIRN_DifferentGroup" time="0.000" classname="HBTestesNG.TestCases.Test_VoiceACD_Transfer_WrapTimeZero"/>
  <testcase name="VoiceACD_CTransfer_ToExt_DifferentGroup" time="0.001" classname="HBTestesNG.TestCases.Test_VoiceACD_Transfer_WrapTimeZero"/>
  <testcase name="VoiceACD_CTransfer_ToIRN_SameGroup" time="0.000" classname="HBTestesNG.TestCases.Test_VoiceACD_Transfer_WrapTimeZero"/>
  <testcase name="VoiceACD_BTransfer_ToExternal" time="0.001" classname="HBTestesNG.TestCases.Test_VoiceACD_Transfer_WrapTimeZero"/>
  <testcase name="VoiceACD_CTransfer_ToExt_SameGroup" time="0.001" classname="HBTestesNG.TestCases.Test_VoiceACD_Transfer_WrapTimeZero"/>
  <testcase name="VoiceACD_BTransfer_ToIRN_SameGroup" time="0.001" classname="HBTestesNG.TestCases.Test_VoiceACD_Transfer_WrapTimeZero"/>
  <testcase name="VoiceACD_BTransfer_ToExt_SameGroup" time="0.001" classname="HBTestesNG.TestCases.Test_VoiceACD_Transfer_WrapTimeZero"/>
  <testcase name="VoiceACD_CTransfer_ToIRN_DifferentGroup" time="0.002" classname="HBTestesNG.TestCases.Test_VoiceACD_Transfer_WrapTimeZero"/>
  <testcase name="VoiceACD_BTransfer_ToExt_DifferentGroup" time="0.001" classname="HBTestesNG.TestCases.Test_VoiceACD_Transfer_WrapTimeZero"/>
  <testcase name="VoiceACD_CTransfer_ToExternal" time="0.000" classname="HBTestesNG.TestCases.Test_VoiceACD_Transfer_WrapTimeZero"/>
</testsuite> <!-- HBTestesNG.TestCases.Test_VoiceACD_Transfer_WrapTimeZero -->
