<?xml version="1.0" encoding="UTF-8"?>
<!-- Generated by org.testng.reporters.JUnitReportReporter -->
<testsuite hostname="ynohW8-64b-one" name="HBTestesNG.TestCases.Test_VoiceACD_Basic" tests="3" failures="0" timestamp="30 Aug 2017 20:03:10 GMT" time="0.003" errors="3">
  <testcase name="VoiceACD_NoQ_Answer_NoWrapTime" time="0.001" classname="HBTestesNG.TestCases.Test_VoiceACD_Basic"/>
  <testcase name="VoiceACD_Q_Answer" time="0.001" classname="HBTestesNG.TestCases.Test_VoiceACD_Basic"/>
  <testcase name="VoiceACD_NoQ_Answer" time="0.001" classname="HBTestesNG.TestCases.Test_VoiceACD_Basic"/>
</testsuite> <!-- HBTestesNG.TestCases.Test_VoiceACD_Basic -->
