<?xml version="1.0" encoding="UTF-8"?>
<!-- Generated by org.testng.reporters.JUnitReportReporter -->
<testsuite hostname="ynohW8-64b-one" name="HBTestesNG.TestCases.Test_VoiceACD_Transfer" tests="15" failures="0" timestamp="31 Jan 2018 19:38:56 GMT" time="0.012" errors="15">
  <testcase name="VoiceACD_CTransfer_ToExt_SameGroup" time="0.001" classname="HBTestesNG.TestCases.Test_VoiceACD_Transfer"/>
  <testcase name="VoiceACD_BTransfer_ToExternal" time="0.000" classname="HBTestesNG.TestCases.Test_VoiceACD_Transfer"/>
  <testcase name="VoiceACD_BTransfer_ToExt_SameGroup" time="0.000" classname="HBTestesNG.TestCases.Test_VoiceACD_Transfer"/>
  <testcase name="VoiceACD_CTransfer_ToIRN_SameGroup" time="0.001" classname="HBTestesNG.TestCases.Test_VoiceACD_Transfer"/>
  <testcase name="VoiceACD_CTransfer_ToExternal" time="0.001" classname="HBTestesNG.TestCases.Test_VoiceACD_Transfer"/>
  <testcase name="VoiceACD_CTransfer_ToIRN_DifferentGroup" time="0.002" classname="HBTestesNG.TestCases.Test_VoiceACD_Transfer"/>
  <testcase name="VoiceACD_BTransfer_ToExt_DifferentGroup" time="0.000" classname="HBTestesNG.TestCases.Test_VoiceACD_Transfer"/>
  <testcase name="VoiceACD_BTransfer_ToExt_SameGroup_byName" time="0.001" classname="HBTestesNG.TestCases.Test_VoiceACD_Transfer"/>
  <testcase name="VoiceACD_BTransfer_ToExt_DifferentGroup_byName" time="0.000" classname="HBTestesNG.TestCases.Test_VoiceACD_Transfer"/>
  <testcase name="VoiceACD_BTransfer_ToIRN_DifferentGroup" time="0.001" classname="HBTestesNG.TestCases.Test_VoiceACD_Transfer"/>
  <testcase name="VoiceACD_CTransfer_ToExt_DifferentGroup" time="0.001" classname="HBTestesNG.TestCases.Test_VoiceACD_Transfer"/>
  <testcase name="VoiceACD_CTransfer_ToExt_DifferentGroup_byName" time="0.000" classname="HBTestesNG.TestCases.Test_VoiceACD_Transfer"/>
  <testcase name="VoiceACD_CTransfer_ToExt_SameGroup_byName" time="0.000" classname="HBTestesNG.TestCases.Test_VoiceACD_Transfer"/>
  <testcase name="VoiceACD_BTransfer_ToIRN_SameGroup" time="0.003" classname="HBTestesNG.TestCases.Test_VoiceACD_Transfer"/>
  <testcase name="VoiceACD_BTransfer_ToIRN_AQ" time="0.001" classname="HBTestesNG.TestCases.Test_VoiceACD_Transfer"/>
</testsuite> <!-- HBTestesNG.TestCases.Test_VoiceACD_Transfer -->
