<?xml version="1.0" encoding="UTF-8"?>
<!-- Generated by org.testng.reporters.JUnitReportReporter -->
<testsuite hostname="ynohW8-64b-one" name="HBTestesNG.TestCases.Test_VoiceACD_Transfer_WrapTimeZero" tests="10" failures="0" timestamp="26 Aug 2017 09:23:41 GMT" time="1260.645" errors="0">
  <testcase name="VoiceACD_CTransfer_ToExt_SameGroup" time="139.716" classname="HBTestesNG.TestCases.Test_VoiceACD_Transfer_WrapTimeZero"/>
  <testcase name="VoiceACD_CTransfer_ToIRN_DifferentGroup" time="137.589" classname="HBTestesNG.TestCases.Test_VoiceACD_Transfer_WrapTimeZero"/>
  <testcase name="VoiceACD_BTransfer_ToExternal" time="106.424" classname="HBTestesNG.TestCases.Test_VoiceACD_Transfer_WrapTimeZero"/>
  <testcase name="VoiceACD_CTransfer_ToExt_DifferentGroup" time="137.604" classname="HBTestesNG.TestCases.Test_VoiceACD_Transfer_WrapTimeZero"/>
  <testcase name="VoiceACD_CTransfer_ToIRN_SameGroup" time="144.057" classname="HBTestesNG.TestCases.Test_VoiceACD_Transfer_WrapTimeZero"/>
  <testcase name="VoiceACD_BTransfer_ToExt_SameGroup" time="131.780" classname="HBTestesNG.TestCases.Test_VoiceACD_Transfer_WrapTimeZero"/>
  <testcase name="VoiceACD_BTransfer_ToExt_DifferentGroup" time="106.415" classname="HBTestesNG.TestCases.Test_VoiceACD_Transfer_WrapTimeZero"/>
  <testcase name="VoiceACD_CTransfer_ToExternal" time="137.717" classname="HBTestesNG.TestCases.Test_VoiceACD_Transfer_WrapTimeZero"/>
  <testcase name="VoiceACD_BTransfer_ToIRN_SameGroup" time="112.901" classname="HBTestesNG.TestCases.Test_VoiceACD_Transfer_WrapTimeZero"/>
  <testcase name="VoiceACD_BTransfer_ToIRN_DifferentGroup" time="106.442" classname="HBTestesNG.TestCases.Test_VoiceACD_Transfer_WrapTimeZero"/>
</testsuite> <!-- HBTestesNG.TestCases.Test_VoiceACD_Transfer_WrapTimeZero -->
