<?xml version="1.0" encoding="UTF-8"?>
<!-- Generated by org.testng.reporters.JUnitReportReporter -->
<testsuite hostname="ynohW8-64b-one" name="HBTestesNG.TestCases.Test_VoiceACD_Conference" tests="8" failures="0" timestamp="2 Sep 2017 23:21:31 GMT" time="0.002" errors="8">
  <testcase name="VoiceACD_CConference_ToExt_SameGroup" time="0.000" classname="HBTestesNG.TestCases.Test_VoiceACD_Conference"/>
  <testcase name="VoiceACD_CConference_ToExt_DifferentGroup_byName" time="0.000" classname="HBTestesNG.TestCases.Test_VoiceACD_Conference"/>
  <testcase name="VoiceACD_CConference_ToIRN_DifferentGroup" time="0.000" classname="HBTestesNG.TestCases.Test_VoiceACD_Conference"/>
  <testcase name="VoiceACD_CConference_ToExternal" time="0.000" classname="HBTestesNG.TestCases.Test_VoiceACD_Conference"/>
  <testcase name="VoiceACD_CConference_ToIRN_SameGroup" time="0.001" classname="HBTestesNG.TestCases.Test_VoiceACD_Conference"/>
  <testcase name="VoiceACD_CConference_ToExt_SameGroup_byName" time="0.000" classname="HBTestesNG.TestCases.Test_VoiceACD_Conference"/>
  <testcase name="VoiceACD_CConference_All" time="0.000" classname="HBTestesNG.TestCases.Test_VoiceACD_Conference"/>
  <testcase name="VoiceACD_CConference_ToExt_DifferentGroup" time="0.001" classname="HBTestesNG.TestCases.Test_VoiceACD_Conference"/>
</testsuite> <!-- HBTestesNG.TestCases.Test_VoiceACD_Conference -->
