<?xml version="1.0" encoding="UTF-8"?>
<!-- Generated by org.testng.reporters.JUnitReportReporter -->
<testsuite hostname="ynohW8-64b-one" name="HBTestesNG.TestCases.Test_Chat_All" tests="11" failures="0" timestamp="30 Jan 2018 19:32:41 GMT" time="1468.916" errors="0">
  <testcase name="Chat_NoQ_Answer" time="95.273" classname="HBTestesNG.TestCases.Test_Chat_All"/>
  <testcase name="Chat_Q_Overflow_R_Ans_1stGroup" time="161.538" classname="HBTestesNG.TestCases.Test_Chat_All"/>
  <testcase name="Chat_Queue_Abandon" time="64.841" classname="HBTestesNG.TestCases.Test_Chat_All"/>
  <testcase name="Chat_Q_Answer" time="109.392" classname="HBTestesNG.TestCases.Test_Chat_All"/>
  <testcase name="Chat_Ring_Abandon" time="62.682" classname="HBTestesNG.TestCases.Test_Chat_All"/>
  <testcase name="Chat_BTransfer_ByExt_SameGroup" time="133.385" classname="HBTestesNG.TestCases.Test_Chat_All"/>
  <testcase name="Chat_BTransfer_ByAgentName_SameGroup" time="133.193" classname="HBTestesNG.TestCases.Test_Chat_All"/>
  <testcase name="Chat_R_Q_Overflow_Q_R_Ans_2ndGroup" time="181.491" classname="HBTestesNG.TestCases.Test_Chat_All"/>
  <testcase name="Chat_Q_Overflow_R_Ans_2ndGroup" time="155.045" classname="HBTestesNG.TestCases.Test_Chat_All"/>
  <testcase name="Chat_R_Q_Overflow_R_Ans_2ndGroup" time="152.702" classname="HBTestesNG.TestCases.Test_Chat_All"/>
  <testcase name="Chat_Q_OverInterflow_Q_R_Ans_3rdGroup" time="219.374" classname="HBTestesNG.TestCases.Test_Chat_All"/>
</testsuite> <!-- HBTestesNG.TestCases.Test_Chat_All -->
