<?xml version="1.0" encoding="UTF-8"?>
<!-- Generated by org.testng.reporters.JUnitReportReporter -->
<testsuite hostname="ynohW8-64b-one" name="HBTestesNG.TestCases.Test_VoiceNACD_Transfer" tests="5" failures="0" timestamp="21 Aug 2017 01:08:07 GMT" time="672.361" errors="0">
  <testcase name="VoiceNACD_CTransfer_ToExt_DifferentGroup" time="136.344" classname="HBTestesNG.TestCases.Test_VoiceNACD_Transfer"/>
  <testcase name="VoiceNACD_CTransfer_ToExternal" time="131.646" classname="HBTestesNG.TestCases.Test_VoiceNACD_Transfer"/>
  <testcase name="VoiceNACD_CTransfer_ToIRN_SameGroup" time="142.645" classname="HBTestesNG.TestCases.Test_VoiceNACD_Transfer"/>
  <testcase name="VoiceNACD_CTransfer_ToExt_SameGroup" time="138.200" classname="HBTestesNG.TestCases.Test_VoiceNACD_Transfer"/>
  <testcase name="VoiceNACD_CTransfer_ToIRN_DifferentGroup" time="123.526" classname="HBTestesNG.TestCases.Test_VoiceNACD_Transfer"/>
</testsuite> <!-- HBTestesNG.TestCases.Test_VoiceNACD_Transfer -->
