<?xml version="1.0" encoding="UTF-8"?>
<!-- Generated by org.testng.reporters.JUnitReportReporter -->
<testsuite hostname="ynohW8-64b-one" name="HBTestesNG.TestCases.Test_VoiceScript_Transfer" tests="1" failures="0" timestamp="25 Aug 2017 17:57:21 GMT" time="110.283" errors="0">
  <testcase name="VoiceScript_BTransfer_ToExt_DifferentGroup" time="110.283" classname="HBTestesNG.TestCases.Test_VoiceScript_Transfer"/>
</testsuite> <!-- HBTestesNG.TestCases.Test_VoiceScript_Transfer -->
