<?xml version="1.0" encoding="UTF-8"?>
<!-- Generated by org.testng.reporters.JUnitReportReporter -->
<testsuite hostname="ynohW8-64b-one" name="HBTestesNG.TestCases.Test_VoiceACD_Conference_WrapTimeZero" tests="5" failures="0" timestamp="26 Aug 2017 09:23:41 GMT" time="585.156" errors="0">
  <testcase name="VoiceACD_CConference_ToIRN_SameGroup" time="0.001" classname="HBTestesNG.TestCases.Test_VoiceACD_Conference_WrapTimeZero"/>
  <testcase name="VoiceACD_CConference_ToExt_DifferentGroup" time="144.764" classname="HBTestesNG.TestCases.Test_VoiceACD_Conference_WrapTimeZero"/>
  <testcase name="VoiceACD_CConference_ToExternal" time="144.577" classname="HBTestesNG.TestCases.Test_VoiceACD_Conference_WrapTimeZero"/>
  <testcase name="VoiceACD_CConference_ToExt_SameGroup" time="151.082" classname="HBTestesNG.TestCases.Test_VoiceACD_Conference_WrapTimeZero"/>
  <testcase name="VoiceACD_CConference_ToIRN_DifferentGroup" time="144.732" classname="HBTestesNG.TestCases.Test_VoiceACD_Conference_WrapTimeZero"/>
</testsuite> <!-- HBTestesNG.TestCases.Test_VoiceACD_Conference_WrapTimeZero -->
