<?xml version="1.0" encoding="UTF-8"?>
<!-- Generated by org.testng.reporters.JUnitReportReporter -->
<testsuite hostname="ynohW8-64b-one" name="HBTestesNG.TestCases.Test_VoiceScript_Transfer" tests="11" failures="0" timestamp="19 Aug 2017 22:39:46 GMT" time="0.006" errors="11">
  <testcase name="VoiceScript_BTransfer_ToIRN_SameGroup" time="0.001" classname="HBTestesNG.TestCases.Test_VoiceScript_Transfer"/>
  <testcase name="VoiceScript_CTransfer_ToIRN_SameGroup" time="0.001" classname="HBTestesNG.TestCases.Test_VoiceScript_Transfer"/>
  <testcase name="VoiceScript_CTransfer_ToIRN_DifferentGroup" time="0.000" classname="HBTestesNG.TestCases.Test_VoiceScript_Transfer"/>
  <testcase name="VoiceScript_CTransfer_ToExt_DifferentGroup" time="0.001" classname="HBTestesNG.TestCases.Test_VoiceScript_Transfer"/>
  <testcase name="VoiceScript_BTransfer_ToExt_SameGroup" time="0.000" classname="HBTestesNG.TestCases.Test_VoiceScript_Transfer"/>
  <testcase name="VoiceScript_CTransfer_ToExt_SameGroup" time="0.001" classname="HBTestesNG.TestCases.Test_VoiceScript_Transfer"/>
  <testcase name="VoiceScript_BTransfer_ToIRN_DifferentGroup" time="0.000" classname="HBTestesNG.TestCases.Test_VoiceScript_Transfer"/>
  <testcase name="VoiceScript_BTransfer_ToIRN_AQ" time="0.000" classname="HBTestesNG.TestCases.Test_VoiceScript_Transfer"/>
  <testcase name="VoiceScript_BTransfer_ToExt_DifferentGroup" time="0.001" classname="HBTestesNG.TestCases.Test_VoiceScript_Transfer"/>
  <testcase name="VoiceScript_CTransfer_ToExternal" time="0.001" classname="HBTestesNG.TestCases.Test_VoiceScript_Transfer"/>
  <testcase name="VoiceScript_BTransfer_ToExternal" time="0.000" classname="HBTestesNG.TestCases.Test_VoiceScript_Transfer"/>
</testsuite> <!-- HBTestesNG.TestCases.Test_VoiceScript_Transfer -->
