<?xml version="1.0" encoding="UTF-8"?>
<!-- Generated by org.testng.reporters.JUnitReportReporter -->
<testsuite hostname="ynohW8-64b-one" name="HBTestesNG.TestCases.Test_VoiceACD_Basic" tests="2" failures="0" timestamp="31 Jan 2018 19:38:56 GMT" time="0.000" errors="2">
  <testcase name="VoiceACD_NoQ_Answer" time="0.000" classname="HBTestesNG.TestCases.Test_VoiceACD_Basic"/>
  <testcase name="VoiceACD_Q_Answer" time="0.000" classname="HBTestesNG.TestCases.Test_VoiceACD_Basic"/>
</testsuite> <!-- HBTestesNG.TestCases.Test_VoiceACD_Basic -->
