<?xml version="1.0" encoding="UTF-8"?>
<!-- Generated by org.testng.reporters.JUnitReportReporter -->
<testsuite hostname="ynohW8-64b-one" name="HBTestesNG.TestCases.Test_VoiceNACD_Conference" tests="5" failures="0" timestamp="25 Aug 2017 12:06:21 GMT" time="589.786" errors="0">
  <testcase name="VoiceNACD_CConference_ToExt_SameGroup" time="151.181" classname="HBTestesNG.TestCases.Test_VoiceNACD_Conference"/>
  <testcase name="VoiceNACD_CConference_ToExternal" time="144.640" classname="HBTestesNG.TestCases.Test_VoiceNACD_Conference"/>
  <testcase name="VoiceNACD_CConference_ToIRN_SameGroup" time="0.001" classname="HBTestesNG.TestCases.Test_VoiceNACD_Conference"/>
  <testcase name="VoiceNACD_CConference_ToIRN_DifferentGroup" time="144.774" classname="HBTestesNG.TestCases.Test_VoiceNACD_Conference"/>
  <testcase name="VoiceNACD_CConference_ToExt_DifferentGroup" time="149.190" classname="HBTestesNG.TestCases.Test_VoiceNACD_Conference"/>
</testsuite> <!-- HBTestesNG.TestCases.Test_VoiceNACD_Conference -->
