<?xml version="1.0" encoding="UTF-8"?>
<!-- Generated by org.testng.reporters.JUnitReportReporter -->
<testsuite hostname="ynohW8-64b-one" name="HBTestesNG.TestCases.Test_VoiceScript_Conference" tests="5" failures="0" timestamp="19 Aug 2017 22:39:46 GMT" time="0.001" errors="5">
  <testcase name="VoiceScript_CConference_ToIRN_SameGroup" time="0.000" classname="HBTestesNG.TestCases.Test_VoiceScript_Conference"/>
  <testcase name="VoiceScript_CConference_ToExternal" time="0.000" classname="HBTestesNG.TestCases.Test_VoiceScript_Conference"/>
  <testcase name="VoiceScript_CConference_ToExt_DifferentGroup" time="0.000" classname="HBTestesNG.TestCases.Test_VoiceScript_Conference"/>
  <testcase name="VoiceScript_CConference_ToIRN_DifferentGroup" time="0.000" classname="HBTestesNG.TestCases.Test_VoiceScript_Conference"/>
  <testcase name="VoiceScript_CConference_ToExt_SameGroup" time="0.001" classname="HBTestesNG.TestCases.Test_VoiceScript_Conference"/>
</testsuite> <!-- HBTestesNG.TestCases.Test_VoiceScript_Conference -->
