<?xml version="1.0" encoding="UTF-8"?>
<!-- Generated by org.testng.reporters.JUnitReportReporter -->
<testsuite hostname="ynohW8-64b-one" name="HBTestesNG.TestCases.Test_VoiceACD_Basic" tests="3" failures="0" timestamp="2 Sep 2017 23:21:31 GMT" time="330.579" errors="0">
  <testcase name="VoiceACD_NoQ_Answer" time="88.915" classname="HBTestesNG.TestCases.Test_VoiceACD_Basic"/>
  <testcase name="VoiceACD_NoQ_Answer_NoWrapTime" time="132.983" classname="HBTestesNG.TestCases.Test_VoiceACD_Basic"/>
  <testcase name="VoiceACD_Q_Answer" time="108.681" classname="HBTestesNG.TestCases.Test_VoiceACD_Basic"/>
</testsuite> <!-- HBTestesNG.TestCases.Test_VoiceACD_Basic -->
