<?xml version="1.0" encoding="UTF-8"?>
<!-- Generated by org.testng.reporters.JUnitReportReporter -->
<testsuite hostname="ynohW8-64b-one" name="HBTestesNG.TestCases.Test_VoiceACD_OverInterflow" tests="5" failures="0" timestamp="19 Aug 2017 22:39:46 GMT" time="0.015" errors="5">
  <testcase name="VoiceACD_Q_Overflow_R_Ans_1stGroup" time="0.006" classname="HBTestesNG.TestCases.Test_VoiceACD_OverInterflow"/>
  <testcase name="VoiceACD_R_Q_Overflow_R_Ans_2ndGroup" time="0.001" classname="HBTestesNG.TestCases.Test_VoiceACD_OverInterflow"/>
  <testcase name="VoiceACD_Q_Overflow_R_Ans_2ndGroup" time="0.007" classname="HBTestesNG.TestCases.Test_VoiceACD_OverInterflow"/>
  <testcase name="VoiceACD_Q_OverInterflow_Q_R_Ans_3rdGroup" time="0.001" classname="HBTestesNG.TestCases.Test_VoiceACD_OverInterflow"/>
  <testcase name="VoiceACD_R_Q_Overflow_Q_R_Ans_2ndGroup" time="0.000" classname="HBTestesNG.TestCases.Test_VoiceACD_OverInterflow"/>
</testsuite> <!-- HBTestesNG.TestCases.Test_VoiceACD_OverInterflow -->
