<?xml version="1.0" encoding="UTF-8"?>
<!-- Generated by org.testng.reporters.JUnitReportReporter -->
<testsuite hostname="ynohW8-64b-one" name="HBTestesNG.TestCases.Test_VoiceACD_Conference_WrapTimeZero" tests="5" failures="0" timestamp="21 Sep 2017 17:01:39 GMT" time="0.004" errors="5">
  <testcase name="VoiceACD_CConference_ToIRN_DifferentGroup" time="0.001" classname="HBTestesNG.TestCases.Test_VoiceACD_Conference_WrapTimeZero"/>
  <testcase name="VoiceACD_CConference_ToIRN_SameGroup" time="0.002" classname="HBTestesNG.TestCases.Test_VoiceACD_Conference_WrapTimeZero"/>
  <testcase name="VoiceACD_CConference_ToExternal" time="0.000" classname="HBTestesNG.TestCases.Test_VoiceACD_Conference_WrapTimeZero"/>
  <testcase name="VoiceACD_CConference_ToExt_DifferentGroup" time="0.000" classname="HBTestesNG.TestCases.Test_VoiceACD_Conference_WrapTimeZero"/>
  <testcase name="VoiceACD_CConference_ToExt_SameGroup" time="0.001" classname="HBTestesNG.TestCases.Test_VoiceACD_Conference_WrapTimeZero"/>
</testsuite> <!-- HBTestesNG.TestCases.Test_VoiceACD_Conference_WrapTimeZero -->
