<?xml version="1.0" encoding="UTF-8"?>
<!-- Generated by org.testng.reporters.JUnitReportReporter -->
<testsuite hostname="ynohW8-64b-one" name="HBTestesNG.TestCases.Test_VoiceNACD_Transfer" tests="11" failures="1" timestamp="25 Aug 2017 12:06:21 GMT" time="1385.971" errors="0">
  <testcase name="VoiceNACD_BTransfer_ToExt_SameGroup" time="113.000" classname="HBTestesNG.TestCases.Test_VoiceNACD_Transfer"/>
  <testcase name="VoiceNACD_BTransfer_ToIRN_DifferentGroup" time="106.387" classname="HBTestesNG.TestCases.Test_VoiceNACD_Transfer"/>
  <testcase name="VoiceNACD_BTransfer_ToIRN_SameGroup" time="112.952" classname="HBTestesNG.TestCases.Test_VoiceNACD_Transfer"/>
  <testcase name="VoiceNACD_BTransfer_ToExt_DifferentGroup" time="106.505" classname="HBTestesNG.TestCases.Test_VoiceNACD_Transfer"/>
  <testcase name="VoiceNACD_BTransfer_ToIRN_AQ" time="144.027" classname="HBTestesNG.TestCases.Test_VoiceNACD_Transfer">
    <failure type="java.lang.AssertionError" message="VoiceNACD-&gt;Ans-&gt;Blind Transfer to IRN to AQ  has failed because =&gt; start_good;# agent2yc1@c1yc1.comfail on wrapupEndWith2WrapupCodes# agent2yc1@c1yc1.comfail on wrapupEndWith2WrapupCodes expected [true] but found [false]">
      <![CDATA[java.lang.AssertionError: VoiceNACD->Ans->Blind Transfer to IRN to AQ  has failed because => start_good;# agent2yc1@c1yc1.comfail on wrapupEndWith2WrapupCodes# agent2yc1@c1yc1.comfail on wrapupEndWith2WrapupCodes expected [true] but found [false]
	at org.testng.Assert.fail(Assert.java:94)
	at org.testng.Assert.failNotEquals(Assert.java:496)
	at org.testng.Assert.assertTrue(Assert.java:42)
	at HBTestesNG.BaseObjects.TestCaseObject.failTest(TestCaseObject.java:317)
	at HBTestesNG.BaseObjects.TestCaseObject.endTestCase(TestCaseObject.java:200)
	at HBTestesNG.TestCases.Test_VoiceNACD_Transfer.VoiceNACD_BTransfer_ToIRN_AQ(Test_VoiceNACD_Transfer.java:231)
	at sun.reflect.NativeMethodAccessorImpl.invoke0(Native Method)
	at sun.reflect.NativeMethodAccessorImpl.invoke(Unknown Source)
	at sun.reflect.DelegatingMethodAccessorImpl.invoke(Unknown Source)
	at java.lang.reflect.Method.invoke(Unknown Source)
	at org.testng.internal.MethodInvocationHelper.invokeMethod(MethodInvocationHelper.java:85)
	at org.testng.internal.Invoker.invokeMethod(Invoker.java:639)
	at org.testng.internal.Invoker.invokeTestMethod(Invoker.java:816)
	at org.testng.internal.Invoker.invokeTestMethods(Invoker.java:1124)
	at org.testng.internal.TestMethodWorker.invokeTestMethods(TestMethodWorker.java:125)
	at org.testng.internal.TestMethodWorker.run(TestMethodWorker.java:108)
	at org.testng.TestRunner.privateRun(TestRunner.java:774)
	at org.testng.TestRunner.run(TestRunner.java:624)
	at org.testng.SuiteRunner.runTest(SuiteRunner.java:359)
	at org.testng.SuiteRunner.runSequentially(SuiteRunner.java:354)
	at org.testng.SuiteRunner.privateRun(SuiteRunner.java:312)
	at org.testng.SuiteRunner.run(SuiteRunner.java:261)
	at org.testng.SuiteRunnerWorker.runSuite(SuiteRunnerWorker.java:52)
	at org.testng.SuiteRunnerWorker.run(SuiteRunnerWorker.java:86)
	at org.testng.TestNG.runSuitesSequentially(TestNG.java:1215)
	at org.testng.TestNG.runSuitesLocally(TestNG.java:1140)
	at org.testng.TestNG.run(TestNG.java:1048)
	at org.testng.remote.AbstractRemoteTestNG.run(AbstractRemoteTestNG.java:132)
	at org.testng.remote.RemoteTestNG.initAndRun(RemoteTestNG.java:230)
	at org.testng.remote.RemoteTestNG.main(RemoteTestNG.java:76)
]]>
    </failure>
  </testcase> <!-- VoiceNACD_BTransfer_ToIRN_AQ -->
  <testcase name="VoiceNACD_CTransfer_ToIRN_SameGroup" time="144.113" classname="HBTestesNG.TestCases.Test_VoiceNACD_Transfer"/>
  <testcase name="VoiceNACD_CTransfer_ToExternal" time="137.638" classname="HBTestesNG.TestCases.Test_VoiceNACD_Transfer"/>
  <testcase name="VoiceNACD_CTransfer_ToIRN_DifferentGroup" time="137.675" classname="HBTestesNG.TestCases.Test_VoiceNACD_Transfer"/>
  <testcase name="VoiceNACD_CTransfer_ToExt_DifferentGroup" time="137.583" classname="HBTestesNG.TestCases.Test_VoiceNACD_Transfer"/>
  <testcase name="VoiceNACD_BTransfer_ToExternal" time="106.472" classname="HBTestesNG.TestCases.Test_VoiceNACD_Transfer"/>
  <testcase name="VoiceNACD_CTransfer_ToExt_SameGroup" time="139.619" classname="HBTestesNG.TestCases.Test_VoiceNACD_Transfer"/>
</testsuite> <!-- HBTestesNG.TestCases.Test_VoiceNACD_Transfer -->
