<?xml version="1.0" encoding="UTF-8"?>
<!-- Generated by org.testng.reporters.JUnitReportReporter -->
<testsuite hostname="ynohW8-64b-one" name="HBTestesNG.TestCases.Test_VoiceACD_Basic" tests="3" failures="0" timestamp="2 Oct 2017 22:44:02 GMT" time="1265.255" errors="0">
  <testcase name="VoiceACD_NoQ_Answer_NoWrapTime" time="523.619" classname="HBTestesNG.TestCases.Test_VoiceACD_Basic"/>
  <testcase name="VoiceACD_Q_Answer" time="376.351" classname="HBTestesNG.TestCases.Test_VoiceACD_Basic"/>
  <testcase name="VoiceACD_NoQ_Answer" time="365.285" classname="HBTestesNG.TestCases.Test_VoiceACD_Basic"/>
</testsuite> <!-- HBTestesNG.TestCases.Test_VoiceACD_Basic -->
