<?xml version="1.0" encoding="UTF-8"?>
<!-- Generated by org.testng.reporters.JUnitReportReporter -->
<testsuite hostname="ynohW8-64b-one" name="HBTestesNG.TestCases.Test_Email_All" tests="9" failures="0" timestamp="14 Aug 2017 23:30:54 GMT" time="1490.274" errors="0">
  <testcase name="Email_R_Q_Overflow_Q_R_Ans_2ndGroup" time="181.406" classname="HBTestesNG.TestCases.Test_Email_All"/>
  <testcase name="Email_Q_Overflow_R_Ans_1stGroup" time="156.144" classname="HBTestesNG.TestCases.Test_Email_All"/>
  <testcase name="Email_NoQ_Answer_NoWrapTime" time="161.383" classname="HBTestesNG.TestCases.Test_Email_All"/>
  <testcase name="Email_Q_OverInterflow_Q_R_Ans_3rdGroup" time="226.056" classname="HBTestesNG.TestCases.Test_Email_All"/>
  <testcase name="Email_NoQ_Answer" time="127.829" classname="HBTestesNG.TestCases.Test_Email_All"/>
  <testcase name="Email_Q_Answer" time="109.165" classname="HBTestesNG.TestCases.Test_Email_All"/>
  <testcase name="Email_R_Q_Overflow_R_Ans_2ndGroup" time="180.299" classname="HBTestesNG.TestCases.Test_Email_All"/>
  <testcase name="Email_BTransfer_ToExt_SameGroup" time="173.190" classname="HBTestesNG.TestCases.Test_Email_All"/>
  <testcase name="Email_Q_Overflow_R_Ans_2ndGroup" time="174.802" classname="HBTestesNG.TestCases.Test_Email_All"/>
</testsuite> <!-- HBTestesNG.TestCases.Test_Email_All -->
